1625828541430	geckodriver	INFO	Listening on 127.0.0.1:50732
1625828544491	mozrunner::runner	INFO	Running command: "D:\\browsers\\firefox\\firefox.exe" "--marionette" "-foreground" "-no-remote" "-profile" "C:\\Users\\bulat\\AppData\\Local\\Temp\\rust_mozprofilerUo0si"
1625828546349	addons.webextension.screenshots@mozilla.org	WARN	Loading extension 'screenshots@mozilla.org': Reading manifest: Invalid extension permission: mozillaAddons
1625828546349	addons.webextension.screenshots@mozilla.org	WARN	Loading extension 'screenshots@mozilla.org': Reading manifest: Invalid extension permission: telemetry
1625828546350	addons.webextension.screenshots@mozilla.org	WARN	Loading extension 'screenshots@mozilla.org': Reading manifest: Invalid extension permission: resource://pdf.js/
1625828546350	addons.webextension.screenshots@mozilla.org	WARN	Loading extension 'screenshots@mozilla.org': Reading manifest: Invalid extension permission: about:reader*
JavaScript error: resource://gre/modules/XULStore.jsm, line 66: Error: Can't find profile directory.
1625828550096	Marionette	INFO	Listening on port 58246
1625828550404	Marionette	WARN	TLS certificate errors will be ignored for this session
[Child 16232, Chrome_ChildThread] WARNING: pipe error: 109: file z:/task_1572402546/build/src/ipc/chromium/src/chrome/common/ipc_channel_win.cc, line 341
[Child 16232, Chrome_ChildThread] WARNING: pipe error: 109: file z:/task_1572402546/build/src/ipc/chromium/src/chrome/common/ipc_channel_win.cc, line 341
[Parent 15828, Gecko_IOThread] WARNING: pipe error: 109: file z:/task_1572402546/build/src/ipc/chromium/src/chrome/common/ipc_channel_win.cc, line 341
1625828789474	Marionette	INFO	Stopped listening on port 58246
[GPU 17212, Chrome_ChildThread] WARNING: pipe error: 109: file z:/task_1572402546/build/src/ipc/chromium/src/chrome/common/ipc_channel_win.cc, line 341

###!!! [Child][RunMessage] Error: Channel closing: too late to send/recv, messages will be lost


###!!! [Child][MessageChannel::SendAndWait] Error: Channel error: cannot send/recv

eenshots@mozilla.org': Reading manifest: Invalid extension permission: about:reader*
JavaScript error: resource://gre/modules/XULStore.jsm, line 66: Error: Can't find profile directory.
1625828779250	Marionette	INFO	Listening on port 64273
1625828779677	Marionette	WARN	TLS certificate errors will be ignored for this session
[Child 528, Chrome_ChildThread] WARNING: pipe error: 109: file z:/task_1572402546/build/src/ipc/chromium/src/chrome/common/ipc_channel_win.cc, line 341
[Child 14400, Chrome_ChildThread] WARNING: pipe error: 109: file z:/task_1572402546/build/src/ipc/chromium/src/chrome/common/ipc_channel_win.cc, line 341
[Child 14400, Chrome_ChildThread] WARNING: pipe error: 109: file z:/task_1572402546/build/src/ipc/chromium/src/chrome/common/ipc_channel_win.cc, line 341
1625828783454	Marionette	INFO	Stopped listening on port 64273
[GPU 5292, Chrome_ChildThread] WARNING: pipe error: 109: file z:/task_1572402546/build/src/ipc/chromium/src/chrome/common/ipc_channel_win.cc, line 341

###!!! [Child][MessageChannel::SendAndWait] Error: Channel error: cannot send/recv

1625829157680	geckodriver	INFO	Listening on 127.0.0.1:62534
1625829160734	mozrunner::runner	INFO	Running command: "D:\\browsers\\firefox\\firefox.exe" "--marionette" "--headless" "-foreground" "-no-remote" "-profile" "C:\\Users\\bulat\\AppData\\Local\\Temp\\rust_mozprofilenHKslp"
*** You are running in headless mode.
1625829161569	addons.webextension.screenshots@mozilla.org	WARN	Loading extension 'screenshots@mozilla.org': Reading manifest: Invalid extension permission: mozillaAddons
1625829161569	addons.webextension.screenshots@mozilla.org	WARN	Loading extension 'screenshots@mozilla.org': Reading manifest: Invalid extension permission: telemetry
1625829161569	addons.webextension.screenshots@mozilla.org	WARN	Loading extension 'screenshots@mozilla.org': Reading manifest: Invalid extension permission: resource://pdf.js/
1625829161569	addons.webextension.screenshots@mozilla.org	WARN	Loading extension 'screenshots@mozilla.org': Reading manifest: Invalid extension permission: about:reader*
JavaScript error: resource://gre/modules/XULStore.jsm, line 66: Error: Can't find profile directory.
1625829164133	Marionette	INFO	Listening on port 62692
1625829164432	Marionette	WARN	TLS certificate errors will be ignored for this session
JavaScript warning: https://mc.yandex.ru/metrika/tag.js, line 129: Error: WebGL warning: <SetDimensions>: Can't use WebGL in headless mode (https://bugzil.la/1375585).
JavaScript warning: https://mc.yandex.ru/metrika/tag.js, line 129: Error: WebGL warning: <SetDimensions>: Failed to create WebGL context: WebGL creation failed: 
* Can't use WebGL in headless mode (https://bugzil.la/1375585).
JavaScript warning: https://mc.yandex.ru/metrika/tag.js, line 129: Error: WebGL warning: <SetDimensions>: Can't use WebGL in headless mode (https://bugzil.la/1375585).
JavaScript warning: https://mc.yandex.ru/metrika/tag.js, line 129: Error: WebGL warning: <SetDimensions>: Failed to create WebGL context: WebGL creation failed: 
* Can't use WebGL in headless mode (https://bugzil.la/1375585).
[GFX1]: [Tiling:Client] Failed to allocate a TextureClient
A content process crashed and MOZ_CRASHREPORTER_SHUTDOWN is set, shutting down
[Parent 592, Gecko_IOThread] WARNING: file z:/task_1572402546/build/src/ipc/chromium/src/base/process_util_win.cc, line 160
1625842983298	Marionette	INFO	Stopped listening on port 62692
03796	addons.webextension.screenshots@mozilla.org	WARN	Loading extension 'screenshots@mozilla.org': Reading manifest: Invalid extension permission: mozillaAddons
1625829703796	addons.webextension.screenshots@mozilla.org	WARN	Loading extension 'screenshots@mozilla.org': Reading manifest: Invalid extension permission: telemetry
1625829703796	addons.webextension.screenshots@mozilla.org	WARN	Loading extension 'screenshots@mozilla.org': Reading manifest: Invalid extension permission: resource://pdf.js/
1625829703796	addons.webextension.screenshots@mozilla.org	WARN	Loading extension 'screenshots@mozilla.org': Reading manifest: Invalid extension permission: about:reader*
JavaScript error: resource://gre/modules/XULStore.jsm, line 66: Error: Can't find profile directory.
1625829706584	Marionette	INFO	Listening on port 58138
1625829706780	Marionette	WARN	TLS certificate errors will be ignored for this session
JavaScript warning: https://mc.yandex.ru/metrika/tag.js, line 129: Error: WebGL warning: <SetDimensions>: Can't use WebGL in headless mode (https://bugzil.la/1375585).
JavaScript warning: https://mc.yandex.ru/metrika/tag.js, line 129: Error: WebGL warning: <SetDimensions>: Failed to create WebGL context: WebGL creation failed: 
* Can't use WebGL in headless mode (https://bugzil.la/1375585).
JavaScript warning: https://mc.yandex.ru/metrika/tag.js, line 129: Error: WebGL warning: <SetDimensions>: Can't use WebGL in headless mode (https://bugzil.la/1375585).
JavaScript warning: https://mc.yandex.ru/metrika/tag.js, line 129: Error: WebGL warning: <SetDimensions>: Failed to create WebGL context: WebGL creation failed: 
* Can't use WebGL in headless mode (https://bugzil.la/1375585).
[Parent 2404, Gecko_IOThread] WARNING: pipe error: 109: file z:/task_1572402546/build/src/ipc/chromium/src/chrome/common/ipc_channel_win.cc, line 341
[GFX1]: [Tiling:Client] Failed to allocate a TextureClient
A content process crashed and MOZ_CRASHREPORTER_SHUTDOWN is set, shutting down
[Parent 2404, Gecko_IOThread] WARNING: file z:/task_1572402546/build/src/ipc/chromium/src/base/process_util_win.cc, line 160
[Parent 2404, Gecko_IOThread] WARNING: pipe error: 109: file z:/task_1572402546/build/src/ipc/chromium/src/chrome/common/ipc_channel_win.cc, line 341
1625842972192	Marionette	INFO	Stopped listening on port 58138
llaAddons
1625831621318	addons.webextension.screenshots@mozilla.org	WARN	Loading extension 'screenshots@mozilla.org': Reading manifest: Invalid extension permission: telemetry
1625831621318	addons.webextension.screenshots@mozilla.org	WARN	Loading extension 'screenshots@mozilla.org': Reading manifest: Invalid extension permission: resource://pdf.js/
1625831621318	addons.webextension.screenshots@mozilla.org	WARN	Loading extension 'screenshots@mozilla.org': Reading manifest: Invalid extension permission: about:reader*
JavaScript error: resource://gre/modules/XULStore.jsm, line 66: Error: Can't find profile directory.
1625831622838	Marionette	INFO	Listening on port 52624
1625831622898	Marionette	WARN	TLS certificate errors will be ignored for this session
1625831650561	geckodriver	INFO	Listening on 127.0.0.1:59447
1625831653570	mozrunner::runner	INFO	Running command: "D:\\browsers\\firefox\\firefox.exe" "--marionette" "--headless" "-foreground" "-no-remote" "-profile" "C:\\Users\\bulat\\AppData\\Local\\Temp\\rust_mozprofileyS5KMM"
*** You are running in headless mode.
1625831653993	addons.webextension.screenshots@mozilla.org	WARN	Loading extension 'screenshots@mozilla.org': Reading manifest: Invalid extension permission: mozillaAddons
1625831653993	addons.webextension.screenshots@mozilla.org	WARN	Loading extension 'screenshots@mozilla.org': Reading manifest: Invalid extension permission: telemetry
1625831653993	addons.webextension.screenshots@mozilla.org	WARN	Loading extension 'screenshots@mozilla.org': Reading manifest: Invalid extension permission: resource://pdf.js/
1625831653993	addons.webextension.screenshots@mozilla.org	WARN	Loading extension 'screenshots@mozilla.org': Reading manifest: Invalid extension permission: about:reader*
JavaScript error: resource://gre/modules/XULStore.jsm, line 66: Error: Can't find profile directory.
1625831655481	Marionette	INFO	Listening on port 59900
1625831655611	Marionette	WARN	TLS certificate errors will be ignored for this session
1625831718430	geckodriver	INFO	Listening on 127.0.0.1:61235
1625831718985	mozrunner::runner	INFO	Running command: "D:\\browsers\\firefox\\firefox.exe" "--marionette" "--headless" "-foreground" "-no-remote" "-profile" "C:\\Users\\bulat\\AppData\\Local\\Temp\\rust_mozprofilerU4Xrc"
*** You are running in headless mode.
1625831719426	addons.webextension.screenshots@mozilla.org	WARN	Loading extension 'screenshots@mozilla.org': Reading manifest: Invalid extension permission: mozillaAddons
1625831719426	addons.webextension.screenshots@mozilla.org	WARN	Loading extension 'screenshots@mozilla.org': Reading manifest: Invalid extension permission: telemetry
1625831719426	addons.webextension.screenshots@mozilla.org	WARN	Loading extension 'screenshots@mozilla.org': Reading manifest: Invalid extension permission: resource://pdf.js/
1625831719426	addons.webextension.screenshots@mozilla.org	WARN	Loading extension 'screenshots@mozilla.org': Reading manifest: Invalid extension permission: about:reader*
JavaScript error: resource://gre/modules/XULStore.jsm, line 66: Error: Can't find profile directory.
1625831721135	Marionette	INFO	Listening on port 51467
1625831721147	Marionette	WARN	TLS certificate errors will be ignored for this session
JavaScript warning: https://mc.yandex.ru/metrika/tag.js, line 129: Error: WebGL warning: <SetDimensions>: Can't use WebGL in headless mode (https://bugzil.la/1375585).
JavaScript warning: https://mc.yandex.ru/metrika/tag.js, line 129: Error: WebGL warning: <SetDimensions>: Failed to create WebGL context: WebGL creation failed: 
* Can't use WebGL in headless mode (https://bugzil.la/1375585).
JavaScript warning: https://mc.yandex.ru/metrika/tag.js, line 129: Error: WebGL warning: <SetDimensions>: Can't use WebGL in headless mode (https://bugzil.la/1375585).
JavaScript warning: https://mc.yandex.ru/metrika/tag.js, line 129: Error: WebGL warning: <SetDimensions>: Failed to create WebGL context: WebGL creation failed: 
* Can't use WebGL in headless mode (https://bugzil.la/1375585).
[GFX1]: [Tiling:Client] Failed to allocate a TextureClient
[GFX1]: [Tiling:Client] Failed to allocate a TextureClient
[GFX1]: [Tiling:Client] Failed to allocate a TextureClient
[GFX1]: [Tiling:Client] Failed to allocate a TextureClient
[GFX1]: [Tiling:Client] Failed to allocate a TextureClient
[GFX1]: [Tiling:Client] Failed to allocate a TextureClient
[GFX1]: [Tiling:Client] Failed to allocate a TextureClient
[GFX1]: [Tiling:Client] Failed to allocate a TextureClient
[GFX1]: [Tiling:Client] Failed to allocate a TextureClient
[Parent 19104, Gecko_IOThread] WARNING: pipe error: 232: file z:/task_1572402546/build/src/ipc/chromium/src/chrome/common/ipc_channel_win.cc, line 502
[Parent 19104, Gecko_IOThread] WARNING: pipe error: 232: file z:/task_1572402546/build/src/ipc/chromium/src/chrome/common/ipc_channel_win.cc, line 502

###!!! [Parent][MessageChannel] Error: (msgtype=0xA50001,name=PVsync::Msg_Notify) Channel error: cannot send/recv

A content process crashed and MOZ_CRASHREPORTER_SHUTDOWN is set, shutting down
[Parent 19104, Gecko_IOThread] WARNING: file z:/task_1572402546/build/src/ipc/chromium/src/base/process_util_win.cc, line 160
[Child 19376, Chrome_ChildThread] WARNING: pipe error: 109: file z:/task_1572402546/build/src/ipc/chromium/src/chrome/common/ipc_channel_win.cc, line 341
[Child 19376, Chrome_ChildThread] WARNING: pipe error: 109: file z:/task_1572402546/build/src/ipc/chromium/src/chrome/common/ipc_channel_win.cc, line 341
1625842980684	Marionette	INFO	Stopped listening on port 51467
bGL context: WebGL creation failed: 
* Can't use WebGL in headless mode (https://bugzil.la/1375585).
JavaScript warning: https://mc.yandex.ru/metrika/tag.js, line 129: Error: WebGL warning: <SetDimensions>: Can't use WebGL in headless mode (https://bugzil.la/1375585).
JavaScript warning: https://mc.yandex.ru/metrika/tag.js, line 129: Error: WebGL warning: <SetDimensions>: Failed to create WebGL context: WebGL creation failed: 
* Can't use WebGL in headless mode (https://bugzil.la/1375585).
[GFX1]: [Tiling:Client] Failed to allocate a TextureClient
[GFX1]: [Tiling:Client] Failed to allocate a TextureClient
[GFX1]: [Tiling:Client] Failed to allocate a TextureClient
[GFX1]: [Tiling:Client] Failed to allocate a TextureClient
A content process crashed and MOZ_CRASHREPORTER_SHUTDOWN is set, shutting down
[Parent 3644, Gecko_IOThread] WARNING: file z:/task_1572402546/build/src/ipc/chromium/src/base/process_util_win.cc, line 160
1625842978536	Marionette	INFO	Stopped listening on port 49862
ns.webextension.screenshots@mozilla.org	WARN	Loading extension 'screenshots@mozilla.org': Reading manifest: Invalid extension permission: telemetry
1625833614180	addons.webextension.screenshots@mozilla.org	WARN	Loading extension 'screenshots@mozilla.org': Reading manifest: Invalid extension permission: resource://pdf.js/
1625833614180	addons.webextension.screenshots@mozilla.org	WARN	Loading extension 'screenshots@mozilla.org': Reading manifest: Invalid extension permission: about:reader*
JavaScript error: resource://gre/modules/XULStore.jsm, line 66: Error: Can't find profile directory.
1625833615711	Marionette	INFO	Listening on port 65249
1625833615776	Marionette	WARN	TLS certificate errors will be ignored for this session
1625833639816	geckodriver	INFO	Listening on 127.0.0.1:52552
1625833642855	mozrunner::runner	INFO	Running command: "D:\\browsers\\firefox\\firefox.exe" "--marionette" "--headless" "-foreground" "-no-remote" "-profile" "C:\\Users\\bulat\\AppData\\Local\\Temp\\rust_mozprofile9kYTY0"
*** You are running in headless mode.
1625833643252	addons.webextension.screenshots@mozilla.org	WARN	Loading extension 'screenshots@mozilla.org': Reading manifest: Invalid extension permission: mozillaAddons
1625833643252	addons.webextension.screenshots@mozilla.org	WARN	Loading extension 'screenshots@mozilla.org': Reading manifest: Invalid extension permission: telemetry
1625833643253	addons.webextension.screenshots@mozilla.org	WARN	Loading extension 'screenshots@mozilla.org': Reading manifest: Invalid extension permission: resource://pdf.js/
1625833643253	addons.webextension.screenshots@mozilla.org	WARN	Loading extension 'screenshots@mozilla.org': Reading manifest: Invalid extension permission: about:reader*
JavaScript error: resource://gre/modules/XULStore.jsm, line 66: Error: Can't find profile directory.
1625833644754	Marionette	INFO	Listening on port 59566
1625833644883	Marionette	WARN	TLS certificate errors will be ignored for this session
1625834253345	geckodriver	INFO	Listening on 127.0.0.1:54450
1625834256401	mozrunner::runner	INFO	Running command: "D:\\browsers\\firefox\\firefox.exe" "--marionette" "--headless" "-foreground" "-no-remote" "-profile" "C:\\Users\\bulat\\AppData\\Local\\Temp\\rust_mozprofileuEA1vI"
*** You are running in headless mode.
1625834256808	addons.webextension.screenshots@mozilla.org	WARN	Loading extension 'screenshots@mozilla.org': Reading manifest: Invalid extension permission: mozillaAddons
1625834256808	addons.webextension.screenshots@mozilla.org	WARN	Loading extension 'screenshots@mozilla.org': Reading manifest: Invalid extension permission: telemetry
1625834256808	addons.webextension.screenshots@mozilla.org	WARN	Loading extension 'screenshots@mozilla.org': Reading manifest: Invalid extension permission: resource://pdf.js/
1625834256808	addons.webextension.screenshots@mozilla.org	WARN	Loading extension 'screenshots@mozilla.org': Reading manifest: Invalid extension permission: about:reader*
JavaScript error: resource://gre/modules/XULStore.jsm, line 66: Error: Can't find profile directory.
1625834258340	Marionette	INFO	Listening on port 56057
1625834258458	Marionette	WARN	TLS certificate errors will be ignored for this session
1625835709413	geckodriver	INFO	Listening on 127.0.0.1:62642
1625835712456	mozrunner::runner	INFO	Running command: "D:\\browsers\\firefox\\firefox.exe" "--marionette" "--headless" "-foreground" "-no-remote" "-profile" "C:\\Users\\bulat\\AppData\\Local\\Temp\\rust_mozprofilebKyQcU"
*** You are running in headless mode.
1625835713027	addons.webextension.screenshots@mozilla.org	WARN	Loading extension 'screenshots@mozilla.org': Reading manifest: Invalid extension permission: mozillaAddons
1625835713027	addons.webextension.screenshots@mozilla.org	WARN	Loading extension 'screenshots@mozilla.org': Reading manifest: Invalid extension permission: telemetry
1625835713027	addons.webextension.screenshots@mozilla.org	WARN	Loading extension 'screenshots@mozilla.org': Reading manifest: Invalid extension permission: resource://pdf.js/
1625835713027	addons.webextension.screenshots@mozilla.org	WARN	Loading extension 'screenshots@mozilla.org': Reading manifest: Invalid extension permission: about:reader*
JavaScript error: resource://gre/modules/XULStore.jsm, line 66: Error: Can't find profile directory.
1625835715079	Marionette	INFO	Listening on port 56203
1625835715135	Marionette	WARN	TLS certificate errors will be ignored for this session
JavaScript warning: https://mc.yandex.ru/metrika/tag.js, line 129: Error: WebGL warning: <SetDimensions>: Can't use WebGL in headless mode (https://bugzil.la/1375585).
JavaScript warning: https://mc.yandex.ru/metrika/tag.js, line 129: Error: WebGL warning: <SetDimensions>: Failed to create WebGL context: WebGL creation failed: 
* Can't use WebGL in headless mode (https://bugzil.la/1375585).
JavaScript warning: https://mc.yandex.ru/metrika/tag.js, line 129: Error: WebGL warning: <SetDimensions>: Can't use WebGL in headless mode (https://bugzil.la/1375585).
JavaScript warning: https://mc.yandex.ru/metrika/tag.js, line 129: Error: WebGL warning: <SetDimensions>: Failed to create WebGL context: WebGL creation failed: 
* Can't use WebGL in headless mode (https://bugzil.la/1375585).
1625836745782	geckodriver	INFO	Listening on 127.0.0.1:62724
1625836748792	mozrunner::runner	INFO	Running command: "D:\\browsers\\firefox\\firefox.exe" "--marionette" "--headless" "-foreground" "-no-remote" "-profile" "C:\\Users\\bulat\\AppData\\Local\\Temp\\rust_mozprofilexUFWFl"
*** You are running in headless mode.
1625836749210	addons.webextension.screenshots@mozilla.org	WARN	Loading extension 'screenshots@mozilla.org': Reading manifest: Invalid extension permission: mozillaAddons
1625836749210	addons.webextension.screenshots@mozilla.org	WARN	Loading extension 'screenshots@mozilla.org': Reading manifest: Invalid extension permission: telemetry
1625836749210	addons.webextension.screenshots@mozilla.org	WARN	Loading extension 'screenshots@mozilla.org': Reading manifest: Invalid extension permission: resource://pdf.js/
1625836749210	addons.webextension.screenshots@mozilla.org	WARN	Loading extension 'screenshots@mozilla.org': Reading manifest: Invalid extension permission: about:reader*
JavaScript error: resource://gre/modules/XULStore.jsm, line 66: Error: Can't find profile directory.
1625836750841	Marionette	INFO	Listening on port 61690
1625836750954	Marionette	WARN	TLS certificate errors will be ignored for this session
JavaScript warning: https://mc.yandex.ru/metrika/tag.js, line 129: Error: WebGL warning: <SetDimensions>: Can't use WebGL in headless mode (https://bugzil.la/1375585).
JavaScript warning: https://mc.yandex.ru/metrika/tag.js, line 129: Error: WebGL warning: <SetDimensions>: Failed to create WebGL context: WebGL creation failed: 
* Can't use WebGL in headless mode (https://bugzil.la/1375585).
JavaScript warning: https://mc.yandex.ru/metrika/tag.js, line 129: Error: WebGL warning: <SetDimensions>: Can't use WebGL in headless mode (https://bugzil.la/1375585).
JavaScript warning: https://mc.yandex.ru/metrika/tag.js, line 129: Error: WebGL warning: <SetDimensions>: Failed to create WebGL context: WebGL creation failed: 
* Can't use WebGL in headless mode (https://bugzil.la/1375585).
[Child 8316, MediaDecoderStateMachine #1] WARNING: Decoder=1f8c8680 Decode error: NS_ERROR_DOM_MEDIA_DECODE_ERR (0x806e0004) - RefPtr<MediaDataDecoder::DecodePromise> __thiscall mozilla::WMFMediaDataDecoder::ProcessError(HRESULT, const char *): MFTManager::Output(2):8007000e: file z:/task_1572402546/build/src/dom/media/MediaDecoderStateMachine.cpp, line 3305
[GFX1]: [Tiling:Client] Failed to allocate a TextureClient
[GFX1]: [Tiling:Client] Failed to allocate a TextureClient
[GFX1]: [Tiling:Client] Failed to allocate a TextureClient
[GFX1]: [Tiling:Client] Failed to allocate a TextureClient
[GFX1]: [Tiling:Client] Failed to allocate a TextureClient
[Child 8316, MediaDecoderStateMachine #1] WARNING: Decoder=5792800 Decode error: NS_ERROR_OUT_OF_MEMORY (0x8007000e) - mozilla::MediaResult __thiscall mozilla::FFmpegVideoDecoder<46465650>::CreateImage(int64_t, int64_t, int64_t, MediaDataDecoder::DecodedData &): image allocation error: file z:/task_1572402546/build/src/dom/media/MediaDecoderStateMachine.cpp, line 3305
A content process crashed and MOZ_CRASHREPORTER_SHUTDOWN is set, shutting down
[Parent 2428, Gecko_IOThread] WARNING: file z:/task_1572402546/build/src/ipc/chromium/src/base/process_util_win.cc, line 160
[Child 6348, Chrome_ChildThread] WARNING: pipe error: 109: file z:/task_1572402546/build/src/ipc/chromium/src/chrome/common/ipc_channel_win.cc, line 341
[Child 6348, Chrome_ChildThread] WARNING: pipe error: 109: file z:/task_1572402546/build/src/ipc/chromium/src/chrome/common/ipc_channel_win.cc, line 341
1625842965862	Marionette	INFO	Stopped listening on port 61690
